# JRE version: OpenJDK Runtime Environment (17.0.11) (build 17.0.11+0--11852314)
# Java VM: OpenJDK 64-Bit Server VM (17.0.11+0--11852314, mixed mode, tiered, compressed oops, compressed class ptrs, g1 gc, windows-amd64)
GC Precious Log:
 CPUs: 8 total, 8 available
 Memory: 7502M
 Large Page Support: Disabled
 NUMA Support: Disabled
 Compressed Oops: Enabled (32-bit)
 Heap Region Size: 1M
 Heap Min Capacity: 8M
 Heap Initial Capacity: 118M
 Heap Max Capacity: 2G
 Pre-touch: Disabled
 Parallel Workers: 8
 Concurrent Workers: 2
 Concurrent Refinement Workers: 8
 Periodic GC: Disabled
Heap:
 garbage-first heap   total 335872K, used 193486K [0x0000000080000000, 0x0000000100000000)
  region size 1024K, 83 young (84992K), 22 survivors (22528K)
 Metaspace       used 97708K, committed 98432K, reserved 1179648K
  class space    used 13251K, committed 13568K, reserved 1048576K
GC Heap History (20 events):
Event: 14.134 GC heap before
{Heap before GC invocations=29 (full 0):
 garbage-first heap   total 135168K, used 115919K [0x0000000080000000, 0x0000000100000000)
  region size 1024K, 35 young (35840K), 1 survivors (1024K)
 Metaspace       used 60298K, committed 60928K, reserved 1114112K
  class space    used 8123K, committed 8384K, reserved 1048576K
}
Event: 14.138 GC heap after
{Heap after GC invocations=30 (full 0):
 garbage-first heap   total 135168K, used 86628K [0x0000000080000000, 0x0000000100000000)
  region size 1024K, 5 young (5120K), 5 survivors (5120K)
 Metaspace       used 60298K, committed 60928K, reserved 1114112K
  class space    used 8123K, committed 8384K, reserved 1048576K
}
Event: 14.164 GC heap before
{Heap before GC invocations=30 (full 0):
 garbage-first heap   total 135168K, used 87652K [0x0000000080000000, 0x0000000100000000)
  region size 1024K, 6 young (6144K), 5 survivors (5120K)
 Metaspace       used 60479K, committed 61120K, reserved 1114112K
  class space    used 8138K, committed 8448K, reserved 1048576K
}
Event: 14.168 GC heap after
{Heap after GC invocations=31 (full 0):
 garbage-first heap   total 135168K, used 86600K [0x0000000080000000, 0x0000000100000000)
  region size 1024K, 1 young (1024K), 1 survivors (1024K)
 Metaspace       used 60479K, committed 61120K, reserved 1114112K
  class space    used 8138K, committed 8448K, reserved 1048576K
}
Event: 14.716 GC heap before
{Heap before GC invocations=31 (full 0):
 garbage-first heap   total 135168K, used 110152K [0x0000000080000000, 0x0000000100000000)
  region size 1024K, 24 young (24576K), 1 survivors (1024K)
 Metaspace       used 64422K, committed 65024K, reserved 1114112K
  class space    used 8573K, committed 8832K, reserved 1048576K
}
Event: 14.720 GC heap after
{Heap after GC invocations=32 (full 0):
 garbage-first heap   total 135168K, used 87372K [0x0000000080000000, 0x0000000100000000)
  region size 1024K, 2 young (2048K), 2 survivors (2048K)
 Metaspace       used 64422K, committed 65024K, reserved 1114112K
  class space    used 8573K, committed 8832K, reserved 1048576K
}
Event: 15.359 GC heap before
{Heap before GC invocations=33 (full 0):
 garbage-first heap   total 152576K, used 115020K [0x0000000080000000, 0x0000000100000000)
  region size 1024K, 25 young (25600K), 2 survivors (2048K)
 Metaspace       used 68184K, committed 68800K, reserved 1114112K
  class space    used 9072K, committed 9408K, reserved 1048576K
}
Event: 15.367 GC heap after
{Heap after GC invocations=34 (full 0):
 garbage-first heap   total 152576K, used 94501K [0x0000000080000000, 0x0000000100000000)
  region size 1024K, 4 young (4096K), 4 survivors (4096K)
 Metaspace       used 68184K, committed 68800K, reserved 1114112K
  class space    used 9072K, committed 9408K, reserved 1048576K
}
Event: 15.385 GC heap before
{Heap before GC invocations=34 (full 0):
 garbage-first heap   total 152576K, used 97573K [0x0000000080000000, 0x0000000100000000)
  region size 1024K, 7 young (7168K), 4 survivors (4096K)
 Metaspace       used 68185K, committed 68864K, reserved 1114112K
  class space    used 9072K, committed 9408K, reserved 1048576K
}
Event: 15.393 GC heap after
{Heap after GC invocations=35 (full 0):
 garbage-first heap   total 152576K, used 95457K [0x0000000080000000, 0x0000000100000000)
  region size 1024K, 1 young (1024K), 1 survivors (1024K)
 Metaspace       used 68185K, committed 68864K, reserved 1114112K
  class space    used 9072K, committed 9408K, reserved 1048576K
}
Event: 15.999 GC heap before
{Heap before GC invocations=35 (full 0):
 garbage-first heap   total 152576K, used 126177K [0x0000000080000000, 0x0000000100000000)
  region size 1024K, 29 young (29696K), 1 survivors (1024K)
 Metaspace       used 70615K, committed 71232K, reserved 1114112K
  class space    used 9386K, committed 9664K, reserved 1048576K
}
Event: 16.003 GC heap after
{Heap after GC invocations=36 (full 0):
 garbage-first heap   total 152576K, used 97854K [0x0000000080000000, 0x0000000100000000)
  region size 1024K, 3 young (3072K), 3 survivors (3072K)
 Metaspace       used 70615K, committed 71232K, reserved 1114112K
  class space    used 9386K, committed 9664K, reserved 1048576K
}
Event: 16.647 GC heap before
{Heap before GC invocations=37 (full 0):
 garbage-first heap   total 167936K, used 121181K [0x0000000080000000, 0x0000000100000000)
  region size 1024K, 28 young (28672K), 3 survivors (3072K)
 Metaspace       used 73442K, committed 74048K, reserved 1114112K
  class space    used 9770K, committed 10048K, reserved 1048576K
}
Event: 16.653 GC heap after
{Heap after GC invocations=38 (full 0):
 garbage-first heap   total 167936K, used 94876K [0x0000000080000000, 0x0000000100000000)
  region size 1024K, 2 young (2048K), 2 survivors (2048K)
 Metaspace       used 73442K, committed 74048K, reserved 1114112K
  class space    used 9770K, committed 10048K, reserved 1048576K
}
Event: 16.777 GC heap before
{Heap before GC invocations=38 (full 0):
 garbage-first heap   total 167936K, used 101020K [0x0000000080000000, 0x0000000100000000)
  region size 1024K, 8 young (8192K), 2 survivors (2048K)
 Metaspace       used 73947K, committed 74560K, reserved 1114112K
  class space    used 9834K, committed 10112K, reserved 1048576K
}
Event: 16.782 GC heap after
{Heap after GC invocations=39 (full 0):
 garbage-first heap   total 167936K, used 94202K [0x0000000080000000, 0x0000000100000000)
  region size 1024K, 1 young (1024K), 1 survivors (1024K)
 Metaspace       used 73947K, committed 74560K, reserved 1114112K
  class space    used 9834K, committed 10112K, reserved 1048576K
}
Event: 17.696 GC heap before
{Heap before GC invocations=39 (full 0):
 garbage-first heap   total 167936K, used 134138K [0x0000000080000000, 0x0000000100000000)
  region size 1024K, 40 young (40960K), 1 survivors (1024K)
 Metaspace       used 78992K, committed 79680K, reserved 1179648K
  class space    used 10499K, committed 10816K, reserved 1048576K
}
Event: 17.702 GC heap after
{Heap after GC invocations=40 (full 0):
 garbage-first heap   total 335872K, used 96569K [0x0000000080000000, 0x0000000100000000)
  region size 1024K, 3 young (3072K), 3 survivors (3072K)
 Metaspace       used 78992K, committed 79680K, reserved 1179648K
  class space    used 10499K, committed 10816K, reserved 1048576K
}
Event: 21.300 GC heap before
{Heap before GC invocations=40 (full 0):
 garbage-first heap   total 335872K, used 279865K [0x0000000080000000, 0x0000000100000000)
  region size 1024K, 173 young (177152K), 3 survivors (3072K)
 Metaspace       used 93163K, committed 93824K, reserved 1179648K
  class space    used 12738K, committed 13056K, reserved 1048576K
}
Event: 21.330 GC heap after
{Heap after GC invocations=41 (full 0):
 garbage-first heap   total 335872K, used 125902K [0x0000000080000000, 0x0000000100000000)
  region size 1024K, 22 young (22528K), 22 survivors (22528K)
 Metaspace       used 93163K, committed 93824K, reserved 1179648K
  class space    used 12738K, committed 13056K, reserved 1048576K
}

