# JRE version: OpenJDK Runtime Environment (17.0.11) (build 17.0.11+0--11852314)
# Java VM: OpenJDK 64-Bit Server VM (17.0.11+0--11852314, mixed mode, tiered, compressed oops, compressed class ptrs, g1 gc, windows-amd64)
GC Precious Log:
 CPUs: 8 total, 8 available
 Memory: 7502M
 Large Page Support: Disabled
 NUMA Support: Disabled
 Compressed Oops: Enabled (32-bit)
 Heap Region Size: 1M
 Heap Min Capacity: 8M
 Heap Initial Capacity: 118M
 Heap Max Capacity: 2G
 Pre-touch: Disabled
 Parallel Workers: 8
 Concurrent Workers: 2
 Concurrent Refinement Workers: 8
 Periodic GC: Disabled
Heap:
 garbage-first heap   total 294912K, used 212097K [0x0000000080000000, 0x0000000100000000)
  region size 1024K, 99 young (101376K), 17 survivors (17408K)
 Metaspace       used 98881K, committed 99584K, reserved 1179648K
  class space    used 13375K, committed 13696K, reserved 1048576K
GC Heap History (20 events):
Event: 10.708 GC heap before
{Heap before GC invocations=24 (full 0):
 garbage-first heap   total 135168K, used 65630K [0x0000000080000000, 0x0000000100000000)
  region size 1024K, 6 young (6144K), 4 survivors (4096K)
 Metaspace       used 55014K, committed 55680K, reserved 1114112K
  class space    used 7439K, committed 7744K, reserved 1048576K
}
Event: 10.714 GC heap after
{Heap after GC invocations=25 (full 0):
 garbage-first heap   total 135168K, used 64563K [0x0000000080000000, 0x0000000100000000)
  region size 1024K, 1 young (1024K), 1 survivors (1024K)
 Metaspace       used 55014K, committed 55680K, reserved 1114112K
  class space    used 7439K, committed 7744K, reserved 1048576K
}
Event: 11.596 GC heap before
{Heap before GC invocations=25 (full 0):
 garbage-first heap   total 135168K, used 100403K [0x0000000080000000, 0x0000000100000000)
  region size 1024K, 36 young (36864K), 1 survivors (1024K)
 Metaspace       used 56603K, committed 57216K, reserved 1114112K
  class space    used 7614K, committed 7872K, reserved 1048576K
}
Event: 11.602 GC heap after
{Heap after GC invocations=26 (full 0):
 garbage-first heap   total 135168K, used 69167K [0x0000000080000000, 0x0000000100000000)
  region size 1024K, 5 young (5120K), 5 survivors (5120K)
 Metaspace       used 56603K, committed 57216K, reserved 1114112K
  class space    used 7614K, committed 7872K, reserved 1048576K
}
Event: 12.248 GC heap before
{Heap before GC invocations=27 (full 0):
 garbage-first heap   total 135168K, used 112175K [0x0000000080000000, 0x0000000100000000)
  region size 1024K, 38 young (38912K), 5 survivors (5120K)
 Metaspace       used 58619K, committed 59264K, reserved 1114112K
  class space    used 7885K, committed 8192K, reserved 1048576K
}
Event: 12.255 GC heap after
{Heap after GC invocations=28 (full 0):
 garbage-first heap   total 135168K, used 84299K [0x0000000080000000, 0x0000000100000000)
  region size 1024K, 5 young (5120K), 5 survivors (5120K)
 Metaspace       used 58619K, committed 59264K, reserved 1114112K
  class space    used 7885K, committed 8192K, reserved 1048576K
}
Event: 12.271 GC heap before
{Heap before GC invocations=28 (full 0):
 garbage-first heap   total 135168K, used 85323K [0x0000000080000000, 0x0000000100000000)
  region size 1024K, 6 young (6144K), 5 survivors (5120K)
 Metaspace       used 58751K, committed 59392K, reserved 1114112K
  class space    used 7908K, committed 8192K, reserved 1048576K
}
Event: 12.276 GC heap after
{Heap after GC invocations=29 (full 0):
 garbage-first heap   total 135168K, used 84356K [0x0000000080000000, 0x0000000100000000)
  region size 1024K, 1 young (1024K), 1 survivors (1024K)
 Metaspace       used 58751K, committed 59392K, reserved 1114112K
  class space    used 7908K, committed 8192K, reserved 1048576K
}
Event: 12.735 GC heap before
{Heap before GC invocations=29 (full 0):
 garbage-first heap   total 135168K, used 106884K [0x0000000080000000, 0x0000000100000000)
  region size 1024K, 23 young (23552K), 1 survivors (1024K)
 Metaspace       used 62577K, committed 63232K, reserved 1114112K
  class space    used 8354K, committed 8640K, reserved 1048576K
}
Event: 12.738 GC heap after
{Heap after GC invocations=30 (full 0):
 garbage-first heap   total 135168K, used 84795K [0x0000000080000000, 0x0000000100000000)
  region size 1024K, 1 young (1024K), 1 survivors (1024K)
 Metaspace       used 62577K, committed 63232K, reserved 1114112K
  class space    used 8354K, committed 8640K, reserved 1048576K
}
Event: 13.376 GC heap before
{Heap before GC invocations=31 (full 0):
 garbage-first heap   total 147456K, used 108347K [0x0000000080000000, 0x0000000100000000)
  region size 1024K, 24 young (24576K), 1 survivors (1024K)
 Metaspace       used 66394K, committed 67072K, reserved 1114112K
  class space    used 8854K, committed 9152K, reserved 1048576K
}
Event: 13.380 GC heap after
{Heap after GC invocations=32 (full 0):
 garbage-first heap   total 147456K, used 86219K [0x0000000080000000, 0x0000000100000000)
  region size 1024K, 3 young (3072K), 3 survivors (3072K)
 Metaspace       used 66394K, committed 67072K, reserved 1114112K
  class space    used 8854K, committed 9152K, reserved 1048576K
}
Event: 13.453 GC heap before
{Heap before GC invocations=32 (full 0):
 garbage-first heap   total 147456K, used 90315K [0x0000000080000000, 0x0000000100000000)
  region size 1024K, 7 young (7168K), 3 survivors (3072K)
 Metaspace       used 66853K, committed 67520K, reserved 1114112K
  class space    used 8922K, committed 9216K, reserved 1048576K
}
Event: 13.458 GC heap after
{Heap after GC invocations=33 (full 0):
 garbage-first heap   total 147456K, used 86286K [0x0000000080000000, 0x0000000100000000)
  region size 1024K, 1 young (1024K), 1 survivors (1024K)
 Metaspace       used 66853K, committed 67520K, reserved 1114112K
  class space    used 8922K, committed 9216K, reserved 1048576K
}
Event: 14.079 GC heap before
{Heap before GC invocations=33 (full 0):
 garbage-first heap   total 147456K, used 124174K [0x0000000080000000, 0x0000000100000000)
  region size 1024K, 32 young (32768K), 1 survivors (1024K)
 Metaspace       used 69886K, committed 70592K, reserved 1114112K
  class space    used 9298K, committed 9600K, reserved 1048576K
}
Event: 14.085 GC heap after
{Heap after GC invocations=34 (full 0):
 garbage-first heap   total 294912K, used 89737K [0x0000000080000000, 0x0000000100000000)
  region size 1024K, 4 young (4096K), 4 survivors (4096K)
 Metaspace       used 69886K, committed 70592K, reserved 1114112K
  class space    used 9298K, committed 9600K, reserved 1048576K
}
Event: 16.764 GC heap before
{Heap before GC invocations=34 (full 0):
 garbage-first heap   total 294912K, used 216713K [0x0000000080000000, 0x0000000100000000)
  region size 1024K, 128 young (131072K), 4 survivors (4096K)
 Metaspace       used 81793K, committed 82560K, reserved 1179648K
  class space    used 10861K, committed 11200K, reserved 1048576K
}
Event: 16.779 GC heap after
{Heap after GC invocations=35 (full 0):
 garbage-first heap   total 294912K, used 99124K [0x0000000080000000, 0x0000000100000000)
  region size 1024K, 14 young (14336K), 14 survivors (14336K)
 Metaspace       used 81793K, committed 82560K, reserved 1179648K
  class space    used 10861K, committed 11200K, reserved 1048576K
}
Event: 19.179 GC heap before
{Heap before GC invocations=35 (full 0):
 garbage-first heap   total 294912K, used 234292K [0x0000000080000000, 0x0000000100000000)
  region size 1024K, 136 young (139264K), 14 survivors (14336K)
 Metaspace       used 93155K, committed 93888K, reserved 1179648K
  class space    used 12739K, committed 13056K, reserved 1048576K
}
Event: 19.207 GC heap after
{Heap after GC invocations=36 (full 0):
 garbage-first heap   total 294912K, used 123009K [0x0000000080000000, 0x0000000100000000)
  region size 1024K, 17 young (17408K), 17 survivors (17408K)
 Metaspace       used 93155K, committed 93888K, reserved 1179648K
  class space    used 12739K, committed 13056K, reserved 1048576K
}

