# JRE version: OpenJDK Runtime Environment (17.0.11) (build 17.0.11+0--11852314)
# Java VM: OpenJDK 64-Bit Server VM (17.0.11+0--11852314, mixed mode, tiered, compressed oops, compressed class ptrs, g1 gc, windows-amd64)
GC Precious Log:
 CPUs: 8 total, 8 available
 Memory: 7502M
 Large Page Support: Disabled
 NUMA Support: Disabled
 Compressed Oops: Enabled (32-bit)
 Heap Region Size: 1M
 Heap Min Capacity: 8M
 Heap Initial Capacity: 118M
 Heap Max Capacity: 2G
 Pre-touch: Disabled
 Parallel Workers: 8
 Concurrent Workers: 2
 Concurrent Refinement Workers: 8
 Periodic GC: Disabled
Heap:
 garbage-first heap   total 295936K, used 228333K [0x0000000080000000, 0x0000000100000000)
  region size 1024K, 72 young (73728K), 2 survivors (2048K)
 Metaspace       used 123836K, committed 124672K, reserved 1179648K
  class space    used 16251K, committed 16640K, reserved 1048576K
GC Heap History (20 events):
Event: 20.728 GC heap before
{Heap before GC invocations=36 (full 0):
 garbage-first heap   total 265216K, used 95426K [0x0000000080000000, 0x0000000100000000)
  region size 1024K, 13 young (13312K), 12 survivors (12288K)
 Metaspace       used 79143K, committed 79808K, reserved 1179648K
  class space    used 10963K, committed 11264K, reserved 1048576K
}
Event: 20.736 GC heap after
{Heap after GC invocations=37 (full 0):
 garbage-first heap   total 265216K, used 94684K [0x0000000080000000, 0x0000000100000000)
  region size 1024K, 1 young (1024K), 1 survivors (1024K)
 Metaspace       used 79143K, committed 79808K, reserved 1179648K
  class space    used 10963K, committed 11264K, reserved 1048576K
}
Event: 23.244 GC heap before
{Heap before GC invocations=37 (full 0):
 garbage-first heap   total 265216K, used 190940K [0x0000000080000000, 0x0000000100000000)
  region size 1024K, 96 young (98304K), 1 survivors (1024K)
 Metaspace       used 89001K, committed 89664K, reserved 1179648K
  class space    used 12262K, committed 12544K, reserved 1048576K
}
Event: 23.258 GC heap after
{Heap after GC invocations=38 (full 0):
 garbage-first heap   total 265216K, used 102545K [0x0000000080000000, 0x0000000100000000)
  region size 1024K, 9 young (9216K), 9 survivors (9216K)
 Metaspace       used 89001K, committed 89664K, reserved 1179648K
  class space    used 12262K, committed 12544K, reserved 1048576K
}
Event: 25.685 GC heap before
{Heap before GC invocations=39 (full 0):
 garbage-first heap   total 265216K, used 211089K [0x0000000080000000, 0x0000000100000000)
  region size 1024K, 105 young (107520K), 9 survivors (9216K)
 Metaspace       used 99235K, committed 99968K, reserved 1179648K
  class space    used 13551K, committed 13888K, reserved 1048576K
}
Event: 25.702 GC heap after
{Heap after GC invocations=40 (full 0):
 garbage-first heap   total 265216K, used 120498K [0x0000000080000000, 0x0000000100000000)
  region size 1024K, 10 young (10240K), 10 survivors (10240K)
 Metaspace       used 99235K, committed 99968K, reserved 1179648K
  class space    used 13551K, committed 13888K, reserved 1048576K
}
Event: 25.723 GC heap before
{Heap before GC invocations=40 (full 0):
 garbage-first heap   total 265216K, used 122546K [0x0000000080000000, 0x0000000100000000)
  region size 1024K, 12 young (12288K), 10 survivors (10240K)
 Metaspace       used 99235K, committed 99968K, reserved 1179648K
  class space    used 13551K, committed 13888K, reserved 1048576K
}
Event: 25.732 GC heap after
{Heap after GC invocations=41 (full 0):
 garbage-first heap   total 265216K, used 119836K [0x0000000080000000, 0x0000000100000000)
  region size 1024K, 2 young (2048K), 2 survivors (2048K)
 Metaspace       used 99235K, committed 99968K, reserved 1179648K
  class space    used 13551K, committed 13888K, reserved 1048576K
}
Event: 27.049 GC heap before
{Heap before GC invocations=41 (full 0):
 garbage-first heap   total 265216K, used 208924K [0x0000000080000000, 0x0000000100000000)
  region size 1024K, 89 young (91136K), 2 survivors (2048K)
 Metaspace       used 101689K, committed 102400K, reserved 1179648K
  class space    used 13837K, committed 14144K, reserved 1048576K
}
Event: 27.082 GC heap after
{Heap after GC invocations=42 (full 0):
 garbage-first heap   total 265216K, used 136192K [0x0000000080000000, 0x0000000100000000)
  region size 1024K, 12 young (12288K), 12 survivors (12288K)
 Metaspace       used 101689K, committed 102400K, reserved 1179648K
  class space    used 13837K, committed 14144K, reserved 1048576K
}
Event: 28.914 GC heap before
{Heap before GC invocations=43 (full 0):
 garbage-first heap   total 265216K, used 212992K [0x0000000080000000, 0x0000000100000000)
  region size 1024K, 81 young (82944K), 12 survivors (12288K)
 Metaspace       used 109472K, committed 110144K, reserved 1179648K
  class space    used 14584K, committed 14912K, reserved 1048576K
}
Event: 28.939 GC heap after
{Heap after GC invocations=44 (full 0):
 garbage-first heap   total 265216K, used 151499K [0x0000000080000000, 0x0000000100000000)
  region size 1024K, 9 young (9216K), 9 survivors (9216K)
 Metaspace       used 109472K, committed 110144K, reserved 1179648K
  class space    used 14584K, committed 14912K, reserved 1048576K
}
Event: 28.998 GC heap before
{Heap before GC invocations=44 (full 0):
 garbage-first heap   total 265216K, used 153547K [0x0000000080000000, 0x0000000100000000)
  region size 1024K, 12 young (12288K), 9 survivors (9216K)
 Metaspace       used 109717K, committed 110464K, reserved 1179648K
  class space    used 14611K, committed 14976K, reserved 1048576K
}
Event: 29.012 GC heap after
{Heap after GC invocations=45 (full 0):
 garbage-first heap   total 265216K, used 151930K [0x0000000080000000, 0x0000000100000000)
  region size 1024K, 2 young (2048K), 2 survivors (2048K)
 Metaspace       used 109717K, committed 110464K, reserved 1179648K
  class space    used 14611K, committed 14976K, reserved 1048576K
}
Event: 30.821 GC heap before
{Heap before GC invocations=45 (full 0):
 garbage-first heap   total 265216K, used 210298K [0x0000000080000000, 0x0000000100000000)
  region size 1024K, 60 young (61440K), 2 survivors (2048K)
 Metaspace       used 117628K, committed 118336K, reserved 1179648K
  class space    used 15605K, committed 15936K, reserved 1048576K
}
Event: 30.829 GC heap after
{Heap after GC invocations=46 (full 0):
 garbage-first heap   total 265216K, used 154096K [0x0000000080000000, 0x0000000100000000)
  region size 1024K, 4 young (4096K), 4 survivors (4096K)
 Metaspace       used 117628K, committed 118336K, reserved 1179648K
  class space    used 15605K, committed 15936K, reserved 1048576K
}
Event: 31.822 GC heap before
{Heap before GC invocations=47 (full 0):
 garbage-first heap   total 295936K, used 216560K [0x0000000080000000, 0x0000000100000000)
  region size 1024K, 64 young (65536K), 4 survivors (4096K)
 Metaspace       used 119971K, committed 120640K, reserved 1179648K
  class space    used 15872K, committed 16192K, reserved 1048576K
}
Event: 31.833 GC heap after
{Heap after GC invocations=48 (full 0):
 garbage-first heap   total 295936K, used 158083K [0x0000000080000000, 0x0000000100000000)
  region size 1024K, 8 young (8192K), 8 survivors (8192K)
 Metaspace       used 119971K, committed 120640K, reserved 1179648K
  class space    used 15872K, committed 16192K, reserved 1048576K
}
Event: 32.247 GC heap before
{Heap before GC invocations=48 (full 0):
 garbage-first heap   total 295936K, used 163203K [0x0000000080000000, 0x0000000100000000)
  region size 1024K, 14 young (14336K), 8 survivors (8192K)
 Metaspace       used 120026K, committed 120704K, reserved 1179648K
  class space    used 15872K, committed 16192K, reserved 1048576K
}
Event: 32.279 GC heap after
{Heap after GC invocations=49 (full 0):
 garbage-first heap   total 295936K, used 157677K [0x0000000080000000, 0x0000000100000000)
  region size 1024K, 2 young (2048K), 2 survivors (2048K)
 Metaspace       used 120026K, committed 120704K, reserved 1179648K
  class space    used 15872K, committed 16192K, reserved 1048576K
}

